parser.y: warning: 2 shift/reduce conflicts [-Wconflicts-sr]
parser.y: warning: shift/reduce conflict on token SHLEQ [-Wcounterexamples]
time limit exceeded: 6.000000
  First example: '(' unary-expression • SHLEQ assignment-expression ')'
  Shift derivation
    primary-expression
    ↳ 4: '(' expression                                                       ')'
             ↳ 70: comma-expression
                   ↳ 68: assignment-expression
                         ↳ 63: unary-expression • SHLEQ assignment-expression
  Second example: '(' unary-expression • SHLEQ shift-expression ')' $end
  Reduce derivation
    $accept
    ↳ 0: primary-expression                                                                                                                                     $end
         ↳ 4: '(' expression                                                                                                                                ')'
                  ↳ 70: comma-expression
                        ↳ 68: assignment-expression
                              ↳ 56: conditional-expression
                                    ↳ 54: logical-or-expression
                                          ↳ 50: logical-and-expression
                                                ↳ 52: bitwise-or-expression
                                                      ↳ 44: bitwise-xor-expression
                                                            ↳ 46: bitwise-and-expression
                                                                  ↳ 48: equality-expression
                                                                        ↳ 41: relational-expression
                                                                              ↳ 38: relational-expression                            SHLEQ shift-expression
                                                                                    ↳ 36: shift-expression
                                                                                          ↳ 33: add-expression
                                                                                                ↳ 30: mult-expression
                                                                                                      ↳ 26: cast-expression
                                                                                                            ↳ 15: unary-expression •
parser.y: warning: shift/reduce conflict on token SHREQ [-Wcounterexamples]
time limit exceeded: 6.000000
  First example: '(' unary-expression • SHREQ assignment-expression ')'
  Shift derivation
    primary-expression
    ↳ 4: '(' expression                                                       ')'
             ↳ 70: comma-expression
                   ↳ 68: assignment-expression
                         ↳ 64: unary-expression • SHREQ assignment-expression
  Second example: '(' unary-expression • SHREQ shift-expression ')' $end
  Reduce derivation
    $accept
    ↳ 0: primary-expression                                                                                                                                     $end
         ↳ 4: '(' expression                                                                                                                                ')'
                  ↳ 70: comma-expression
                        ↳ 68: assignment-expression
                              ↳ 56: conditional-expression
                                    ↳ 54: logical-or-expression
                                          ↳ 50: logical-and-expression
                                                ↳ 52: bitwise-or-expression
                                                      ↳ 44: bitwise-xor-expression
                                                            ↳ 46: bitwise-and-expression
                                                                  ↳ 48: equality-expression
                                                                        ↳ 41: relational-expression
                                                                              ↳ 40: relational-expression                            SHREQ shift-expression
                                                                                    ↳ 36: shift-expression
                                                                                          ↳ 33: add-expression
                                                                                                ↳ 30: mult-expression
                                                                                                      ↳ 26: cast-expression
                                                                                                            ↳ 15: unary-expression •
