Terminals unused in grammar

    CHARLIT
    LTEQ
    GTEQ
    ELLIPSIS
    AUTO
    BREAK
    CASE
    CHAR
    CONST
    CONTINUE
    DEFAULT
    DO
    DOUBLE
    ELSE
    ENUM
    EXTERN
    FLOAT
    FOR
    GOTO
    IF
    INLINE
    INT
    LONG
    REGISTER
    RESTRICT
    RETURN
    SHORT
    SIGNED
    STATIC
    STRUCT
    SWITCH
    TYPEDEF
    UNION
    UNSIGNED
    VOID
    VOLATILE
    WHILE
    _BOOL
    _COMPLEX
    _IMAGINARY
    '{'
    '}'
    ';'


State 18 conflicts: 2 shift/reduce


Grammar

    0 $accept: primary-expression $end

    1 primary-expression: IDENT
    2                   | NUMBER
    3                   | STRING
    4                   | '(' expression ')'

    5 postfix-expression: primary-expression
    6                   | postfix-expression '[' expression ']'
    7                   | postfix-expression '.' IDENT
    8                   | postfix-expression INDSEL IDENT
    9                   | postfix-expression '(' expression-list ')'
   10                   | postfix-expression '(' ')'
   11                   | postfix-expression PLUSPLUS
   12                   | postfix-expression MINUSMINUS

   13 expression-list: assignment-expression
   14                | expression-list ',' assignment-expression

   15 cast-expression: unary-expression

   16 unary-expression: postfix-expression
   17                 | PLUSPLUS unary-expression
   18                 | MINUSMINUS unary-expression
   19                 | '-' cast-expression
   20                 | '+' cast-expression
   21                 | '!' cast-expression
   22                 | '~' cast-expression
   23                 | '&' cast-expression
   24                 | '*' cast-expression
   25                 | SIZEOF '(' expression ')'

   26 mult-expression: cast-expression
   27                | mult-expression '*' cast-expression
   28                | mult-expression '/' cast-expression
   29                | mult-expression '%' cast-expression

   30 add-expression: mult-expression
   31               | add-expression '+' mult-expression
   32               | add-expression '-' mult-expression

   33 shift-expression: add-expression
   34                 | shift-expression SHL add-expression
   35                 | add-expression SHR shift-expression

   36 relational-expression: shift-expression
   37                      | relational-expression '<' shift-expression
   38                      | relational-expression SHLEQ shift-expression
   39                      | relational-expression '>' shift-expression
   40                      | relational-expression SHREQ shift-expression

   41 equality-expression: relational-expression
   42                    | equality-expression EQEQ relational-expression
   43                    | equality-expression NOTEQ relational-expression

   44 bitwise-or-expression: bitwise-xor-expression
   45                      | bitwise-or-expression '|' bitwise-xor-expression

   46 bitwise-xor-expression: bitwise-and-expression
   47                       | bitwise-xor-expression '^' bitwise-and-expression

   48 bitwise-and-expression: equality-expression
   49                       | bitwise-and-expression '&' equality-expression

   50 logical-or-expression: logical-and-expression
   51                      | logical-or-expression LOGOR logical-and-expression

   52 logical-and-expression: bitwise-or-expression
   53                       | logical-and-expression LOGAND bitwise-or-expression

   54 conditional-expression: logical-or-expression
   55                       | logical-or-expression '?' expression ':' conditional-expression

   56 assignment-expression: conditional-expression
   57                      | unary-expression '=' assignment-expression
   58                      | unary-expression PLUSEQ assignment-expression
   59                      | unary-expression MINUSEQ assignment-expression
   60                      | unary-expression TIMESEQ assignment-expression
   61                      | unary-expression DIVEQ assignment-expression
   62                      | unary-expression MODEQ assignment-expression
   63                      | unary-expression SHLEQ assignment-expression
   64                      | unary-expression SHREQ assignment-expression
   65                      | unary-expression ANDEQ assignment-expression
   66                      | unary-expression XOREQ assignment-expression
   67                      | unary-expression OREQ assignment-expression

   68 comma-expression: assignment-expression
   69                 | comma-expression ',' assignment-expression

   70 expression: comma-expression


Terminals, with rules where they appear

    $end (0) 0
    '!' (33) 21
    '%' (37) 29
    '&' (38) 23 49
    '(' (40) 4 9 10 25
    ')' (41) 4 9 10 25
    '*' (42) 24 27
    '+' (43) 20 31
    ',' (44) 14 69
    '-' (45) 19 32
    '.' (46) 7
    '/' (47) 28
    ':' (58) 55
    ';' (59)
    '<' (60) 37
    '=' (61) 57
    '>' (62) 39
    '?' (63) 55
    '[' (91) 6
    ']' (93) 6
    '^' (94) 47
    '{' (123)
    '|' (124) 45
    '}' (125)
    '~' (126) 22
    error (256)
    IDENT (258) 1 7 8
    CHARLIT (259)
    STRING (260) 3
    NUMBER <num.integer> (261) 2
    INDSEL <num.integer> (262) 8
    PLUSPLUS <num.integer> (263) 11 17
    MINUSMINUS <num.integer> (264) 12 18
    SHL <num.integer> (265) 34
    SHR <num.integer> (266) 35
    LTEQ <num.integer> (267)
    GTEQ <num.integer> (268)
    EQEQ <num.integer> (269) 42
    NOTEQ <num.integer> (270) 43
    LOGAND <num.integer> (271) 53
    LOGOR <num.integer> (272) 51
    ELLIPSIS <num.integer> (273)
    TIMESEQ <num.integer> (274) 60
    DIVEQ <num.integer> (275) 61
    MODEQ <num.integer> (276) 62
    PLUSEQ <num.integer> (277) 58
    MINUSEQ <num.integer> (278) 59
    SHLEQ <num.integer> (279) 38 63
    SHREQ <num.integer> (280) 40 64
    ANDEQ <num.integer> (281) 65
    OREQ <num.integer> (282) 67
    XOREQ <num.integer> (283) 66
    AUTO <num.integer> (284)
    BREAK <num.integer> (285)
    CASE <num.integer> (286)
    CHAR <num.integer> (287)
    CONST <num.integer> (288)
    CONTINUE <num.integer> (289)
    DEFAULT <num.integer> (290)
    DO <num.integer> (291)
    DOUBLE <num.integer> (292)
    ELSE <num.integer> (293)
    ENUM <num.integer> (294)
    EXTERN <num.integer> (295)
    FLOAT <num.integer> (296)
    FOR <num.integer> (297)
    GOTO <num.integer> (298)
    IF <num.integer> (299)
    INLINE <num.integer> (300)
    INT <num.integer> (301)
    LONG <num.integer> (302)
    REGISTER <num.integer> (303)
    RESTRICT <num.integer> (304)
    RETURN <num.integer> (305)
    SHORT <num.integer> (306)
    SIGNED <num.integer> (307)
    SIZEOF <num.integer> (308) 25
    STATIC <num.integer> (309)
    STRUCT <num.integer> (310)
    SWITCH <num.integer> (311)
    TYPEDEF <num.integer> (312)
    UNION <num.integer> (313)
    UNSIGNED <num.integer> (314)
    VOID <num.integer> (315)
    VOLATILE <num.integer> (316)
    WHILE <num.integer> (317)
    _BOOL <num.integer> (318)
    _COMPLEX <num.integer> (319)
    _IMAGINARY <num.integer> (320)


Nonterminals, with rules where they appear

    $accept (90)
        on left: 0
    primary-expression (91)
        on left: 1 2 3 4
        on right: 0 5
    postfix-expression (92)
        on left: 5 6 7 8 9 10 11 12
        on right: 6 7 8 9 10 11 12 16
    expression-list (93)
        on left: 13 14
        on right: 9 14
    cast-expression (94)
        on left: 15
        on right: 19 20 21 22 23 24 26 27 28 29
    unary-expression (95)
        on left: 16 17 18 19 20 21 22 23 24 25
        on right: 15 17 18 57 58 59 60 61 62 63 64 65 66 67
    mult-expression (96)
        on left: 26 27 28 29
        on right: 27 28 29 30 31 32
    add-expression (97)
        on left: 30 31 32
        on right: 31 32 33 34 35
    shift-expression (98)
        on left: 33 34 35
        on right: 34 35 36 37 38 39 40
    relational-expression (99)
        on left: 36 37 38 39 40
        on right: 37 38 39 40 41 42 43
    equality-expression (100)
        on left: 41 42 43
        on right: 42 43 48 49
    bitwise-or-expression (101)
        on left: 44 45
        on right: 45 52 53
    bitwise-xor-expression (102)
        on left: 46 47
        on right: 44 45 47
    bitwise-and-expression (103)
        on left: 48 49
        on right: 46 47 49
    logical-or-expression (104)
        on left: 50 51
        on right: 51 54 55
    logical-and-expression (105)
        on left: 52 53
        on right: 50 51 53
    conditional-expression (106)
        on left: 54 55
        on right: 55 56
    assignment-expression (107)
        on left: 56 57 58 59 60 61 62 63 64 65 66 67
        on right: 13 14 57 58 59 60 61 62 63 64 65 66 67 68 69
    comma-expression (108)
        on left: 68 69
        on right: 69 70
    expression (109)
        on left: 70
        on right: 4 6 25 55


State 0

    0 $accept: • primary-expression $end

    IDENT   shift, and go to state 1
    STRING  shift, and go to state 2
    NUMBER  shift, and go to state 3
    '('     shift, and go to state 4

    primary-expression  go to state 5


State 1

    1 primary-expression: IDENT •

    $default  reduce using rule 1 (primary-expression)


State 2

    3 primary-expression: STRING •

    $default  reduce using rule 3 (primary-expression)


State 3

    2 primary-expression: NUMBER •

    $default  reduce using rule 2 (primary-expression)


State 4

    4 primary-expression: '(' • expression ')'

    IDENT       shift, and go to state 1
    STRING      shift, and go to state 2
    NUMBER      shift, and go to state 3
    PLUSPLUS    shift, and go to state 6
    MINUSMINUS  shift, and go to state 7
    SIZEOF      shift, and go to state 8
    '!'         shift, and go to state 9
    '&'         shift, and go to state 10
    '*'         shift, and go to state 11
    '-'         shift, and go to state 12
    '+'         shift, and go to state 13
    '~'         shift, and go to state 14
    '('         shift, and go to state 4

    primary-expression      go to state 15
    postfix-expression      go to state 16
    cast-expression         go to state 17
    unary-expression        go to state 18
    mult-expression         go to state 19
    add-expression          go to state 20
    shift-expression        go to state 21
    relational-expression   go to state 22
    equality-expression     go to state 23
    bitwise-or-expression   go to state 24
    bitwise-xor-expression  go to state 25
    bitwise-and-expression  go to state 26
    logical-or-expression   go to state 27
    logical-and-expression  go to state 28
    conditional-expression  go to state 29
    assignment-expression   go to state 30
    comma-expression        go to state 31
    expression              go to state 32


State 5

    0 $accept: primary-expression • $end

    $end  shift, and go to state 33


State 6

   17 unary-expression: PLUSPLUS • unary-expression

    IDENT       shift, and go to state 1
    STRING      shift, and go to state 2
    NUMBER      shift, and go to state 3
    PLUSPLUS    shift, and go to state 6
    MINUSMINUS  shift, and go to state 7
    SIZEOF      shift, and go to state 8
    '!'         shift, and go to state 9
    '&'         shift, and go to state 10
    '*'         shift, and go to state 11
    '-'         shift, and go to state 12
    '+'         shift, and go to state 13
    '~'         shift, and go to state 14
    '('         shift, and go to state 4

    primary-expression  go to state 15
    postfix-expression  go to state 16
    unary-expression    go to state 34


State 7

   18 unary-expression: MINUSMINUS • unary-expression

    IDENT       shift, and go to state 1
    STRING      shift, and go to state 2
    NUMBER      shift, and go to state 3
    PLUSPLUS    shift, and go to state 6
    MINUSMINUS  shift, and go to state 7
    SIZEOF      shift, and go to state 8
    '!'         shift, and go to state 9
    '&'         shift, and go to state 10
    '*'         shift, and go to state 11
    '-'         shift, and go to state 12
    '+'         shift, and go to state 13
    '~'         shift, and go to state 14
    '('         shift, and go to state 4

    primary-expression  go to state 15
    postfix-expression  go to state 16
    unary-expression    go to state 35


State 8

   25 unary-expression: SIZEOF • '(' expression ')'

    '('  shift, and go to state 36


State 9

   21 unary-expression: '!' • cast-expression

    IDENT       shift, and go to state 1
    STRING      shift, and go to state 2
    NUMBER      shift, and go to state 3
    PLUSPLUS    shift, and go to state 6
    MINUSMINUS  shift, and go to state 7
    SIZEOF      shift, and go to state 8
    '!'         shift, and go to state 9
    '&'         shift, and go to state 10
    '*'         shift, and go to state 11
    '-'         shift, and go to state 12
    '+'         shift, and go to state 13
    '~'         shift, and go to state 14
    '('         shift, and go to state 4

    primary-expression  go to state 15
    postfix-expression  go to state 16
    cast-expression     go to state 37
    unary-expression    go to state 38


State 10

   23 unary-expression: '&' • cast-expression

    IDENT       shift, and go to state 1
    STRING      shift, and go to state 2
    NUMBER      shift, and go to state 3
    PLUSPLUS    shift, and go to state 6
    MINUSMINUS  shift, and go to state 7
    SIZEOF      shift, and go to state 8
    '!'         shift, and go to state 9
    '&'         shift, and go to state 10
    '*'         shift, and go to state 11
    '-'         shift, and go to state 12
    '+'         shift, and go to state 13
    '~'         shift, and go to state 14
    '('         shift, and go to state 4

    primary-expression  go to state 15
    postfix-expression  go to state 16
    cast-expression     go to state 39
    unary-expression    go to state 38


State 11

   24 unary-expression: '*' • cast-expression

    IDENT       shift, and go to state 1
    STRING      shift, and go to state 2
    NUMBER      shift, and go to state 3
    PLUSPLUS    shift, and go to state 6
    MINUSMINUS  shift, and go to state 7
    SIZEOF      shift, and go to state 8
    '!'         shift, and go to state 9
    '&'         shift, and go to state 10
    '*'         shift, and go to state 11
    '-'         shift, and go to state 12
    '+'         shift, and go to state 13
    '~'         shift, and go to state 14
    '('         shift, and go to state 4

    primary-expression  go to state 15
    postfix-expression  go to state 16
    cast-expression     go to state 40
    unary-expression    go to state 38


State 12

   19 unary-expression: '-' • cast-expression

    IDENT       shift, and go to state 1
    STRING      shift, and go to state 2
    NUMBER      shift, and go to state 3
    PLUSPLUS    shift, and go to state 6
    MINUSMINUS  shift, and go to state 7
    SIZEOF      shift, and go to state 8
    '!'         shift, and go to state 9
    '&'         shift, and go to state 10
    '*'         shift, and go to state 11
    '-'         shift, and go to state 12
    '+'         shift, and go to state 13
    '~'         shift, and go to state 14
    '('         shift, and go to state 4

    primary-expression  go to state 15
    postfix-expression  go to state 16
    cast-expression     go to state 41
    unary-expression    go to state 38


State 13

   20 unary-expression: '+' • cast-expression

    IDENT       shift, and go to state 1
    STRING      shift, and go to state 2
    NUMBER      shift, and go to state 3
    PLUSPLUS    shift, and go to state 6
    MINUSMINUS  shift, and go to state 7
    SIZEOF      shift, and go to state 8
    '!'         shift, and go to state 9
    '&'         shift, and go to state 10
    '*'         shift, and go to state 11
    '-'         shift, and go to state 12
    '+'         shift, and go to state 13
    '~'         shift, and go to state 14
    '('         shift, and go to state 4

    primary-expression  go to state 15
    postfix-expression  go to state 16
    cast-expression     go to state 42
    unary-expression    go to state 38


State 14

   22 unary-expression: '~' • cast-expression

    IDENT       shift, and go to state 1
    STRING      shift, and go to state 2
    NUMBER      shift, and go to state 3
    PLUSPLUS    shift, and go to state 6
    MINUSMINUS  shift, and go to state 7
    SIZEOF      shift, and go to state 8
    '!'         shift, and go to state 9
    '&'         shift, and go to state 10
    '*'         shift, and go to state 11
    '-'         shift, and go to state 12
    '+'         shift, and go to state 13
    '~'         shift, and go to state 14
    '('         shift, and go to state 4

    primary-expression  go to state 15
    postfix-expression  go to state 16
    cast-expression     go to state 43
    unary-expression    go to state 38


State 15

    5 postfix-expression: primary-expression •

    $default  reduce using rule 5 (postfix-expression)


State 16

    6 postfix-expression: postfix-expression • '[' expression ']'
    7                   | postfix-expression • '.' IDENT
    8                   | postfix-expression • INDSEL IDENT
    9                   | postfix-expression • '(' expression-list ')'
   10                   | postfix-expression • '(' ')'
   11                   | postfix-expression • PLUSPLUS
   12                   | postfix-expression • MINUSMINUS
   16 unary-expression: postfix-expression •

    INDSEL      shift, and go to state 44
    PLUSPLUS    shift, and go to state 45
    MINUSMINUS  shift, and go to state 46
    '.'         shift, and go to state 47
    '('         shift, and go to state 48
    '['         shift, and go to state 49

    $default  reduce using rule 16 (unary-expression)


State 17

   26 mult-expression: cast-expression •

    $default  reduce using rule 26 (mult-expression)


State 18

   15 cast-expression: unary-expression •
   57 assignment-expression: unary-expression • '=' assignment-expression
   58                      | unary-expression • PLUSEQ assignment-expression
   59                      | unary-expression • MINUSEQ assignment-expression
   60                      | unary-expression • TIMESEQ assignment-expression
   61                      | unary-expression • DIVEQ assignment-expression
   62                      | unary-expression • MODEQ assignment-expression
   63                      | unary-expression • SHLEQ assignment-expression
   64                      | unary-expression • SHREQ assignment-expression
   65                      | unary-expression • ANDEQ assignment-expression
   66                      | unary-expression • XOREQ assignment-expression
   67                      | unary-expression • OREQ assignment-expression

    TIMESEQ  shift, and go to state 50
    DIVEQ    shift, and go to state 51
    MODEQ    shift, and go to state 52
    PLUSEQ   shift, and go to state 53
    MINUSEQ  shift, and go to state 54
    SHLEQ    shift, and go to state 55
    SHREQ    shift, and go to state 56
    ANDEQ    shift, and go to state 57
    OREQ     shift, and go to state 58
    XOREQ    shift, and go to state 59
    '='      shift, and go to state 60

    SHLEQ     [reduce using rule 15 (cast-expression)]
    SHREQ     [reduce using rule 15 (cast-expression)]
    $default  reduce using rule 15 (cast-expression)


State 19

   27 mult-expression: mult-expression • '*' cast-expression
   28                | mult-expression • '/' cast-expression
   29                | mult-expression • '%' cast-expression
   30 add-expression: mult-expression •

    '*'  shift, and go to state 61
    '/'  shift, and go to state 62
    '%'  shift, and go to state 63

    $default  reduce using rule 30 (add-expression)


State 20

   31 add-expression: add-expression • '+' mult-expression
   32               | add-expression • '-' mult-expression
   33 shift-expression: add-expression •
   35                 | add-expression • SHR shift-expression

    SHR  shift, and go to state 64
    '-'  shift, and go to state 65
    '+'  shift, and go to state 66

    $default  reduce using rule 33 (shift-expression)


State 21

   34 shift-expression: shift-expression • SHL add-expression
   36 relational-expression: shift-expression •

    SHL  shift, and go to state 67

    $default  reduce using rule 36 (relational-expression)


State 22

   37 relational-expression: relational-expression • '<' shift-expression
   38                      | relational-expression • SHLEQ shift-expression
   39                      | relational-expression • '>' shift-expression
   40                      | relational-expression • SHREQ shift-expression
   41 equality-expression: relational-expression •

    SHLEQ  shift, and go to state 68
    SHREQ  shift, and go to state 69
    '<'    shift, and go to state 70
    '>'    shift, and go to state 71

    $default  reduce using rule 41 (equality-expression)


State 23

   42 equality-expression: equality-expression • EQEQ relational-expression
   43                    | equality-expression • NOTEQ relational-expression
   48 bitwise-and-expression: equality-expression •

    EQEQ   shift, and go to state 72
    NOTEQ  shift, and go to state 73

    $default  reduce using rule 48 (bitwise-and-expression)


State 24

   45 bitwise-or-expression: bitwise-or-expression • '|' bitwise-xor-expression
   52 logical-and-expression: bitwise-or-expression •

    '|'  shift, and go to state 74

    $default  reduce using rule 52 (logical-and-expression)


State 25

   44 bitwise-or-expression: bitwise-xor-expression •
   47 bitwise-xor-expression: bitwise-xor-expression • '^' bitwise-and-expression

    '^'  shift, and go to state 75

    $default  reduce using rule 44 (bitwise-or-expression)


State 26

   46 bitwise-xor-expression: bitwise-and-expression •
   49 bitwise-and-expression: bitwise-and-expression • '&' equality-expression

    '&'  shift, and go to state 76

    $default  reduce using rule 46 (bitwise-xor-expression)


State 27

   51 logical-or-expression: logical-or-expression • LOGOR logical-and-expression
   54 conditional-expression: logical-or-expression •
   55                       | logical-or-expression • '?' expression ':' conditional-expression

    LOGOR  shift, and go to state 77
    '?'    shift, and go to state 78

    $default  reduce using rule 54 (conditional-expression)


State 28

   50 logical-or-expression: logical-and-expression •
   53 logical-and-expression: logical-and-expression • LOGAND bitwise-or-expression

    LOGAND  shift, and go to state 79

    $default  reduce using rule 50 (logical-or-expression)


State 29

   56 assignment-expression: conditional-expression •

    $default  reduce using rule 56 (assignment-expression)


State 30

   68 comma-expression: assignment-expression •

    $default  reduce using rule 68 (comma-expression)


State 31

   69 comma-expression: comma-expression • ',' assignment-expression
   70 expression: comma-expression •

    ','  shift, and go to state 80

    $default  reduce using rule 70 (expression)


State 32

    4 primary-expression: '(' expression • ')'

    ')'  shift, and go to state 81


State 33

    0 $accept: primary-expression $end •

    $default  accept


State 34

   17 unary-expression: PLUSPLUS unary-expression •

    $default  reduce using rule 17 (unary-expression)


State 35

   18 unary-expression: MINUSMINUS unary-expression •

    $default  reduce using rule 18 (unary-expression)


State 36

   25 unary-expression: SIZEOF '(' • expression ')'

    IDENT       shift, and go to state 1
    STRING      shift, and go to state 2
    NUMBER      shift, and go to state 3
    PLUSPLUS    shift, and go to state 6
    MINUSMINUS  shift, and go to state 7
    SIZEOF      shift, and go to state 8
    '!'         shift, and go to state 9
    '&'         shift, and go to state 10
    '*'         shift, and go to state 11
    '-'         shift, and go to state 12
    '+'         shift, and go to state 13
    '~'         shift, and go to state 14
    '('         shift, and go to state 4

    primary-expression      go to state 15
    postfix-expression      go to state 16
    cast-expression         go to state 17
    unary-expression        go to state 18
    mult-expression         go to state 19
    add-expression          go to state 20
    shift-expression        go to state 21
    relational-expression   go to state 22
    equality-expression     go to state 23
    bitwise-or-expression   go to state 24
    bitwise-xor-expression  go to state 25
    bitwise-and-expression  go to state 26
    logical-or-expression   go to state 27
    logical-and-expression  go to state 28
    conditional-expression  go to state 29
    assignment-expression   go to state 30
    comma-expression        go to state 31
    expression              go to state 82


State 37

   21 unary-expression: '!' cast-expression •

    $default  reduce using rule 21 (unary-expression)


State 38

   15 cast-expression: unary-expression •

    $default  reduce using rule 15 (cast-expression)


State 39

   23 unary-expression: '&' cast-expression •

    $default  reduce using rule 23 (unary-expression)


State 40

   24 unary-expression: '*' cast-expression •

    $default  reduce using rule 24 (unary-expression)


State 41

   19 unary-expression: '-' cast-expression •

    $default  reduce using rule 19 (unary-expression)


State 42

   20 unary-expression: '+' cast-expression •

    $default  reduce using rule 20 (unary-expression)


State 43

   22 unary-expression: '~' cast-expression •

    $default  reduce using rule 22 (unary-expression)


State 44

    8 postfix-expression: postfix-expression INDSEL • IDENT

    IDENT  shift, and go to state 83


State 45

   11 postfix-expression: postfix-expression PLUSPLUS •

    $default  reduce using rule 11 (postfix-expression)


State 46

   12 postfix-expression: postfix-expression MINUSMINUS •

    $default  reduce using rule 12 (postfix-expression)


State 47

    7 postfix-expression: postfix-expression '.' • IDENT

    IDENT  shift, and go to state 84


State 48

    9 postfix-expression: postfix-expression '(' • expression-list ')'
   10                   | postfix-expression '(' • ')'

    IDENT       shift, and go to state 1
    STRING      shift, and go to state 2
    NUMBER      shift, and go to state 3
    PLUSPLUS    shift, and go to state 6
    MINUSMINUS  shift, and go to state 7
    SIZEOF      shift, and go to state 8
    '!'         shift, and go to state 9
    '&'         shift, and go to state 10
    '*'         shift, and go to state 11
    '-'         shift, and go to state 12
    '+'         shift, and go to state 13
    '~'         shift, and go to state 14
    '('         shift, and go to state 4
    ')'         shift, and go to state 85

    primary-expression      go to state 15
    postfix-expression      go to state 16
    expression-list         go to state 86
    cast-expression         go to state 17
    unary-expression        go to state 18
    mult-expression         go to state 19
    add-expression          go to state 20
    shift-expression        go to state 21
    relational-expression   go to state 22
    equality-expression     go to state 23
    bitwise-or-expression   go to state 24
    bitwise-xor-expression  go to state 25
    bitwise-and-expression  go to state 26
    logical-or-expression   go to state 27
    logical-and-expression  go to state 28
    conditional-expression  go to state 29
    assignment-expression   go to state 87


State 49

    6 postfix-expression: postfix-expression '[' • expression ']'

    IDENT       shift, and go to state 1
    STRING      shift, and go to state 2
    NUMBER      shift, and go to state 3
    PLUSPLUS    shift, and go to state 6
    MINUSMINUS  shift, and go to state 7
    SIZEOF      shift, and go to state 8
    '!'         shift, and go to state 9
    '&'         shift, and go to state 10
    '*'         shift, and go to state 11
    '-'         shift, and go to state 12
    '+'         shift, and go to state 13
    '~'         shift, and go to state 14
    '('         shift, and go to state 4

    primary-expression      go to state 15
    postfix-expression      go to state 16
    cast-expression         go to state 17
    unary-expression        go to state 18
    mult-expression         go to state 19
    add-expression          go to state 20
    shift-expression        go to state 21
    relational-expression   go to state 22
    equality-expression     go to state 23
    bitwise-or-expression   go to state 24
    bitwise-xor-expression  go to state 25
    bitwise-and-expression  go to state 26
    logical-or-expression   go to state 27
    logical-and-expression  go to state 28
    conditional-expression  go to state 29
    assignment-expression   go to state 30
    comma-expression        go to state 31
    expression              go to state 88


State 50

   60 assignment-expression: unary-expression TIMESEQ • assignment-expression

    IDENT       shift, and go to state 1
    STRING      shift, and go to state 2
    NUMBER      shift, and go to state 3
    PLUSPLUS    shift, and go to state 6
    MINUSMINUS  shift, and go to state 7
    SIZEOF      shift, and go to state 8
    '!'         shift, and go to state 9
    '&'         shift, and go to state 10
    '*'         shift, and go to state 11
    '-'         shift, and go to state 12
    '+'         shift, and go to state 13
    '~'         shift, and go to state 14
    '('         shift, and go to state 4

    primary-expression      go to state 15
    postfix-expression      go to state 16
    cast-expression         go to state 17
    unary-expression        go to state 18
    mult-expression         go to state 19
    add-expression          go to state 20
    shift-expression        go to state 21
    relational-expression   go to state 22
    equality-expression     go to state 23
    bitwise-or-expression   go to state 24
    bitwise-xor-expression  go to state 25
    bitwise-and-expression  go to state 26
    logical-or-expression   go to state 27
    logical-and-expression  go to state 28
    conditional-expression  go to state 29
    assignment-expression   go to state 89


State 51

   61 assignment-expression: unary-expression DIVEQ • assignment-expression

    IDENT       shift, and go to state 1
    STRING      shift, and go to state 2
    NUMBER      shift, and go to state 3
    PLUSPLUS    shift, and go to state 6
    MINUSMINUS  shift, and go to state 7
    SIZEOF      shift, and go to state 8
    '!'         shift, and go to state 9
    '&'         shift, and go to state 10
    '*'         shift, and go to state 11
    '-'         shift, and go to state 12
    '+'         shift, and go to state 13
    '~'         shift, and go to state 14
    '('         shift, and go to state 4

    primary-expression      go to state 15
    postfix-expression      go to state 16
    cast-expression         go to state 17
    unary-expression        go to state 18
    mult-expression         go to state 19
    add-expression          go to state 20
    shift-expression        go to state 21
    relational-expression   go to state 22
    equality-expression     go to state 23
    bitwise-or-expression   go to state 24
    bitwise-xor-expression  go to state 25
    bitwise-and-expression  go to state 26
    logical-or-expression   go to state 27
    logical-and-expression  go to state 28
    conditional-expression  go to state 29
    assignment-expression   go to state 90


State 52

   62 assignment-expression: unary-expression MODEQ • assignment-expression

    IDENT       shift, and go to state 1
    STRING      shift, and go to state 2
    NUMBER      shift, and go to state 3
    PLUSPLUS    shift, and go to state 6
    MINUSMINUS  shift, and go to state 7
    SIZEOF      shift, and go to state 8
    '!'         shift, and go to state 9
    '&'         shift, and go to state 10
    '*'         shift, and go to state 11
    '-'         shift, and go to state 12
    '+'         shift, and go to state 13
    '~'         shift, and go to state 14
    '('         shift, and go to state 4

    primary-expression      go to state 15
    postfix-expression      go to state 16
    cast-expression         go to state 17
    unary-expression        go to state 18
    mult-expression         go to state 19
    add-expression          go to state 20
    shift-expression        go to state 21
    relational-expression   go to state 22
    equality-expression     go to state 23
    bitwise-or-expression   go to state 24
    bitwise-xor-expression  go to state 25
    bitwise-and-expression  go to state 26
    logical-or-expression   go to state 27
    logical-and-expression  go to state 28
    conditional-expression  go to state 29
    assignment-expression   go to state 91


State 53

   58 assignment-expression: unary-expression PLUSEQ • assignment-expression

    IDENT       shift, and go to state 1
    STRING      shift, and go to state 2
    NUMBER      shift, and go to state 3
    PLUSPLUS    shift, and go to state 6
    MINUSMINUS  shift, and go to state 7
    SIZEOF      shift, and go to state 8
    '!'         shift, and go to state 9
    '&'         shift, and go to state 10
    '*'         shift, and go to state 11
    '-'         shift, and go to state 12
    '+'         shift, and go to state 13
    '~'         shift, and go to state 14
    '('         shift, and go to state 4

    primary-expression      go to state 15
    postfix-expression      go to state 16
    cast-expression         go to state 17
    unary-expression        go to state 18
    mult-expression         go to state 19
    add-expression          go to state 20
    shift-expression        go to state 21
    relational-expression   go to state 22
    equality-expression     go to state 23
    bitwise-or-expression   go to state 24
    bitwise-xor-expression  go to state 25
    bitwise-and-expression  go to state 26
    logical-or-expression   go to state 27
    logical-and-expression  go to state 28
    conditional-expression  go to state 29
    assignment-expression   go to state 92


State 54

   59 assignment-expression: unary-expression MINUSEQ • assignment-expression

    IDENT       shift, and go to state 1
    STRING      shift, and go to state 2
    NUMBER      shift, and go to state 3
    PLUSPLUS    shift, and go to state 6
    MINUSMINUS  shift, and go to state 7
    SIZEOF      shift, and go to state 8
    '!'         shift, and go to state 9
    '&'         shift, and go to state 10
    '*'         shift, and go to state 11
    '-'         shift, and go to state 12
    '+'         shift, and go to state 13
    '~'         shift, and go to state 14
    '('         shift, and go to state 4

    primary-expression      go to state 15
    postfix-expression      go to state 16
    cast-expression         go to state 17
    unary-expression        go to state 18
    mult-expression         go to state 19
    add-expression          go to state 20
    shift-expression        go to state 21
    relational-expression   go to state 22
    equality-expression     go to state 23
    bitwise-or-expression   go to state 24
    bitwise-xor-expression  go to state 25
    bitwise-and-expression  go to state 26
    logical-or-expression   go to state 27
    logical-and-expression  go to state 28
    conditional-expression  go to state 29
    assignment-expression   go to state 93


State 55

   63 assignment-expression: unary-expression SHLEQ • assignment-expression

    IDENT       shift, and go to state 1
    STRING      shift, and go to state 2
    NUMBER      shift, and go to state 3
    PLUSPLUS    shift, and go to state 6
    MINUSMINUS  shift, and go to state 7
    SIZEOF      shift, and go to state 8
    '!'         shift, and go to state 9
    '&'         shift, and go to state 10
    '*'         shift, and go to state 11
    '-'         shift, and go to state 12
    '+'         shift, and go to state 13
    '~'         shift, and go to state 14
    '('         shift, and go to state 4

    primary-expression      go to state 15
    postfix-expression      go to state 16
    cast-expression         go to state 17
    unary-expression        go to state 18
    mult-expression         go to state 19
    add-expression          go to state 20
    shift-expression        go to state 21
    relational-expression   go to state 22
    equality-expression     go to state 23
    bitwise-or-expression   go to state 24
    bitwise-xor-expression  go to state 25
    bitwise-and-expression  go to state 26
    logical-or-expression   go to state 27
    logical-and-expression  go to state 28
    conditional-expression  go to state 29
    assignment-expression   go to state 94


State 56

   64 assignment-expression: unary-expression SHREQ • assignment-expression

    IDENT       shift, and go to state 1
    STRING      shift, and go to state 2
    NUMBER      shift, and go to state 3
    PLUSPLUS    shift, and go to state 6
    MINUSMINUS  shift, and go to state 7
    SIZEOF      shift, and go to state 8
    '!'         shift, and go to state 9
    '&'         shift, and go to state 10
    '*'         shift, and go to state 11
    '-'         shift, and go to state 12
    '+'         shift, and go to state 13
    '~'         shift, and go to state 14
    '('         shift, and go to state 4

    primary-expression      go to state 15
    postfix-expression      go to state 16
    cast-expression         go to state 17
    unary-expression        go to state 18
    mult-expression         go to state 19
    add-expression          go to state 20
    shift-expression        go to state 21
    relational-expression   go to state 22
    equality-expression     go to state 23
    bitwise-or-expression   go to state 24
    bitwise-xor-expression  go to state 25
    bitwise-and-expression  go to state 26
    logical-or-expression   go to state 27
    logical-and-expression  go to state 28
    conditional-expression  go to state 29
    assignment-expression   go to state 95


State 57

   65 assignment-expression: unary-expression ANDEQ • assignment-expression

    IDENT       shift, and go to state 1
    STRING      shift, and go to state 2
    NUMBER      shift, and go to state 3
    PLUSPLUS    shift, and go to state 6
    MINUSMINUS  shift, and go to state 7
    SIZEOF      shift, and go to state 8
    '!'         shift, and go to state 9
    '&'         shift, and go to state 10
    '*'         shift, and go to state 11
    '-'         shift, and go to state 12
    '+'         shift, and go to state 13
    '~'         shift, and go to state 14
    '('         shift, and go to state 4

    primary-expression      go to state 15
    postfix-expression      go to state 16
    cast-expression         go to state 17
    unary-expression        go to state 18
    mult-expression         go to state 19
    add-expression          go to state 20
    shift-expression        go to state 21
    relational-expression   go to state 22
    equality-expression     go to state 23
    bitwise-or-expression   go to state 24
    bitwise-xor-expression  go to state 25
    bitwise-and-expression  go to state 26
    logical-or-expression   go to state 27
    logical-and-expression  go to state 28
    conditional-expression  go to state 29
    assignment-expression   go to state 96


State 58

   67 assignment-expression: unary-expression OREQ • assignment-expression

    IDENT       shift, and go to state 1
    STRING      shift, and go to state 2
    NUMBER      shift, and go to state 3
    PLUSPLUS    shift, and go to state 6
    MINUSMINUS  shift, and go to state 7
    SIZEOF      shift, and go to state 8
    '!'         shift, and go to state 9
    '&'         shift, and go to state 10
    '*'         shift, and go to state 11
    '-'         shift, and go to state 12
    '+'         shift, and go to state 13
    '~'         shift, and go to state 14
    '('         shift, and go to state 4

    primary-expression      go to state 15
    postfix-expression      go to state 16
    cast-expression         go to state 17
    unary-expression        go to state 18
    mult-expression         go to state 19
    add-expression          go to state 20
    shift-expression        go to state 21
    relational-expression   go to state 22
    equality-expression     go to state 23
    bitwise-or-expression   go to state 24
    bitwise-xor-expression  go to state 25
    bitwise-and-expression  go to state 26
    logical-or-expression   go to state 27
    logical-and-expression  go to state 28
    conditional-expression  go to state 29
    assignment-expression   go to state 97


State 59

   66 assignment-expression: unary-expression XOREQ • assignment-expression

    IDENT       shift, and go to state 1
    STRING      shift, and go to state 2
    NUMBER      shift, and go to state 3
    PLUSPLUS    shift, and go to state 6
    MINUSMINUS  shift, and go to state 7
    SIZEOF      shift, and go to state 8
    '!'         shift, and go to state 9
    '&'         shift, and go to state 10
    '*'         shift, and go to state 11
    '-'         shift, and go to state 12
    '+'         shift, and go to state 13
    '~'         shift, and go to state 14
    '('         shift, and go to state 4

    primary-expression      go to state 15
    postfix-expression      go to state 16
    cast-expression         go to state 17
    unary-expression        go to state 18
    mult-expression         go to state 19
    add-expression          go to state 20
    shift-expression        go to state 21
    relational-expression   go to state 22
    equality-expression     go to state 23
    bitwise-or-expression   go to state 24
    bitwise-xor-expression  go to state 25
    bitwise-and-expression  go to state 26
    logical-or-expression   go to state 27
    logical-and-expression  go to state 28
    conditional-expression  go to state 29
    assignment-expression   go to state 98


State 60

   57 assignment-expression: unary-expression '=' • assignment-expression

    IDENT       shift, and go to state 1
    STRING      shift, and go to state 2
    NUMBER      shift, and go to state 3
    PLUSPLUS    shift, and go to state 6
    MINUSMINUS  shift, and go to state 7
    SIZEOF      shift, and go to state 8
    '!'         shift, and go to state 9
    '&'         shift, and go to state 10
    '*'         shift, and go to state 11
    '-'         shift, and go to state 12
    '+'         shift, and go to state 13
    '~'         shift, and go to state 14
    '('         shift, and go to state 4

    primary-expression      go to state 15
    postfix-expression      go to state 16
    cast-expression         go to state 17
    unary-expression        go to state 18
    mult-expression         go to state 19
    add-expression          go to state 20
    shift-expression        go to state 21
    relational-expression   go to state 22
    equality-expression     go to state 23
    bitwise-or-expression   go to state 24
    bitwise-xor-expression  go to state 25
    bitwise-and-expression  go to state 26
    logical-or-expression   go to state 27
    logical-and-expression  go to state 28
    conditional-expression  go to state 29
    assignment-expression   go to state 99


State 61

   27 mult-expression: mult-expression '*' • cast-expression

    IDENT       shift, and go to state 1
    STRING      shift, and go to state 2
    NUMBER      shift, and go to state 3
    PLUSPLUS    shift, and go to state 6
    MINUSMINUS  shift, and go to state 7
    SIZEOF      shift, and go to state 8
    '!'         shift, and go to state 9
    '&'         shift, and go to state 10
    '*'         shift, and go to state 11
    '-'         shift, and go to state 12
    '+'         shift, and go to state 13
    '~'         shift, and go to state 14
    '('         shift, and go to state 4

    primary-expression  go to state 15
    postfix-expression  go to state 16
    cast-expression     go to state 100
    unary-expression    go to state 38


State 62

   28 mult-expression: mult-expression '/' • cast-expression

    IDENT       shift, and go to state 1
    STRING      shift, and go to state 2
    NUMBER      shift, and go to state 3
    PLUSPLUS    shift, and go to state 6
    MINUSMINUS  shift, and go to state 7
    SIZEOF      shift, and go to state 8
    '!'         shift, and go to state 9
    '&'         shift, and go to state 10
    '*'         shift, and go to state 11
    '-'         shift, and go to state 12
    '+'         shift, and go to state 13
    '~'         shift, and go to state 14
    '('         shift, and go to state 4

    primary-expression  go to state 15
    postfix-expression  go to state 16
    cast-expression     go to state 101
    unary-expression    go to state 38


State 63

   29 mult-expression: mult-expression '%' • cast-expression

    IDENT       shift, and go to state 1
    STRING      shift, and go to state 2
    NUMBER      shift, and go to state 3
    PLUSPLUS    shift, and go to state 6
    MINUSMINUS  shift, and go to state 7
    SIZEOF      shift, and go to state 8
    '!'         shift, and go to state 9
    '&'         shift, and go to state 10
    '*'         shift, and go to state 11
    '-'         shift, and go to state 12
    '+'         shift, and go to state 13
    '~'         shift, and go to state 14
    '('         shift, and go to state 4

    primary-expression  go to state 15
    postfix-expression  go to state 16
    cast-expression     go to state 102
    unary-expression    go to state 38


State 64

   35 shift-expression: add-expression SHR • shift-expression

    IDENT       shift, and go to state 1
    STRING      shift, and go to state 2
    NUMBER      shift, and go to state 3
    PLUSPLUS    shift, and go to state 6
    MINUSMINUS  shift, and go to state 7
    SIZEOF      shift, and go to state 8
    '!'         shift, and go to state 9
    '&'         shift, and go to state 10
    '*'         shift, and go to state 11
    '-'         shift, and go to state 12
    '+'         shift, and go to state 13
    '~'         shift, and go to state 14
    '('         shift, and go to state 4

    primary-expression  go to state 15
    postfix-expression  go to state 16
    cast-expression     go to state 17
    unary-expression    go to state 38
    mult-expression     go to state 19
    add-expression      go to state 20
    shift-expression    go to state 103


State 65

   32 add-expression: add-expression '-' • mult-expression

    IDENT       shift, and go to state 1
    STRING      shift, and go to state 2
    NUMBER      shift, and go to state 3
    PLUSPLUS    shift, and go to state 6
    MINUSMINUS  shift, and go to state 7
    SIZEOF      shift, and go to state 8
    '!'         shift, and go to state 9
    '&'         shift, and go to state 10
    '*'         shift, and go to state 11
    '-'         shift, and go to state 12
    '+'         shift, and go to state 13
    '~'         shift, and go to state 14
    '('         shift, and go to state 4

    primary-expression  go to state 15
    postfix-expression  go to state 16
    cast-expression     go to state 17
    unary-expression    go to state 38
    mult-expression     go to state 104


State 66

   31 add-expression: add-expression '+' • mult-expression

    IDENT       shift, and go to state 1
    STRING      shift, and go to state 2
    NUMBER      shift, and go to state 3
    PLUSPLUS    shift, and go to state 6
    MINUSMINUS  shift, and go to state 7
    SIZEOF      shift, and go to state 8
    '!'         shift, and go to state 9
    '&'         shift, and go to state 10
    '*'         shift, and go to state 11
    '-'         shift, and go to state 12
    '+'         shift, and go to state 13
    '~'         shift, and go to state 14
    '('         shift, and go to state 4

    primary-expression  go to state 15
    postfix-expression  go to state 16
    cast-expression     go to state 17
    unary-expression    go to state 38
    mult-expression     go to state 105


State 67

   34 shift-expression: shift-expression SHL • add-expression

    IDENT       shift, and go to state 1
    STRING      shift, and go to state 2
    NUMBER      shift, and go to state 3
    PLUSPLUS    shift, and go to state 6
    MINUSMINUS  shift, and go to state 7
    SIZEOF      shift, and go to state 8
    '!'         shift, and go to state 9
    '&'         shift, and go to state 10
    '*'         shift, and go to state 11
    '-'         shift, and go to state 12
    '+'         shift, and go to state 13
    '~'         shift, and go to state 14
    '('         shift, and go to state 4

    primary-expression  go to state 15
    postfix-expression  go to state 16
    cast-expression     go to state 17
    unary-expression    go to state 38
    mult-expression     go to state 19
    add-expression      go to state 106


State 68

   38 relational-expression: relational-expression SHLEQ • shift-expression

    IDENT       shift, and go to state 1
    STRING      shift, and go to state 2
    NUMBER      shift, and go to state 3
    PLUSPLUS    shift, and go to state 6
    MINUSMINUS  shift, and go to state 7
    SIZEOF      shift, and go to state 8
    '!'         shift, and go to state 9
    '&'         shift, and go to state 10
    '*'         shift, and go to state 11
    '-'         shift, and go to state 12
    '+'         shift, and go to state 13
    '~'         shift, and go to state 14
    '('         shift, and go to state 4

    primary-expression  go to state 15
    postfix-expression  go to state 16
    cast-expression     go to state 17
    unary-expression    go to state 38
    mult-expression     go to state 19
    add-expression      go to state 20
    shift-expression    go to state 107


State 69

   40 relational-expression: relational-expression SHREQ • shift-expression

    IDENT       shift, and go to state 1
    STRING      shift, and go to state 2
    NUMBER      shift, and go to state 3
    PLUSPLUS    shift, and go to state 6
    MINUSMINUS  shift, and go to state 7
    SIZEOF      shift, and go to state 8
    '!'         shift, and go to state 9
    '&'         shift, and go to state 10
    '*'         shift, and go to state 11
    '-'         shift, and go to state 12
    '+'         shift, and go to state 13
    '~'         shift, and go to state 14
    '('         shift, and go to state 4

    primary-expression  go to state 15
    postfix-expression  go to state 16
    cast-expression     go to state 17
    unary-expression    go to state 38
    mult-expression     go to state 19
    add-expression      go to state 20
    shift-expression    go to state 108


State 70

   37 relational-expression: relational-expression '<' • shift-expression

    IDENT       shift, and go to state 1
    STRING      shift, and go to state 2
    NUMBER      shift, and go to state 3
    PLUSPLUS    shift, and go to state 6
    MINUSMINUS  shift, and go to state 7
    SIZEOF      shift, and go to state 8
    '!'         shift, and go to state 9
    '&'         shift, and go to state 10
    '*'         shift, and go to state 11
    '-'         shift, and go to state 12
    '+'         shift, and go to state 13
    '~'         shift, and go to state 14
    '('         shift, and go to state 4

    primary-expression  go to state 15
    postfix-expression  go to state 16
    cast-expression     go to state 17
    unary-expression    go to state 38
    mult-expression     go to state 19
    add-expression      go to state 20
    shift-expression    go to state 109


State 71

   39 relational-expression: relational-expression '>' • shift-expression

    IDENT       shift, and go to state 1
    STRING      shift, and go to state 2
    NUMBER      shift, and go to state 3
    PLUSPLUS    shift, and go to state 6
    MINUSMINUS  shift, and go to state 7
    SIZEOF      shift, and go to state 8
    '!'         shift, and go to state 9
    '&'         shift, and go to state 10
    '*'         shift, and go to state 11
    '-'         shift, and go to state 12
    '+'         shift, and go to state 13
    '~'         shift, and go to state 14
    '('         shift, and go to state 4

    primary-expression  go to state 15
    postfix-expression  go to state 16
    cast-expression     go to state 17
    unary-expression    go to state 38
    mult-expression     go to state 19
    add-expression      go to state 20
    shift-expression    go to state 110


State 72

   42 equality-expression: equality-expression EQEQ • relational-expression

    IDENT       shift, and go to state 1
    STRING      shift, and go to state 2
    NUMBER      shift, and go to state 3
    PLUSPLUS    shift, and go to state 6
    MINUSMINUS  shift, and go to state 7
    SIZEOF      shift, and go to state 8
    '!'         shift, and go to state 9
    '&'         shift, and go to state 10
    '*'         shift, and go to state 11
    '-'         shift, and go to state 12
    '+'         shift, and go to state 13
    '~'         shift, and go to state 14
    '('         shift, and go to state 4

    primary-expression     go to state 15
    postfix-expression     go to state 16
    cast-expression        go to state 17
    unary-expression       go to state 38
    mult-expression        go to state 19
    add-expression         go to state 20
    shift-expression       go to state 21
    relational-expression  go to state 111


State 73

   43 equality-expression: equality-expression NOTEQ • relational-expression

    IDENT       shift, and go to state 1
    STRING      shift, and go to state 2
    NUMBER      shift, and go to state 3
    PLUSPLUS    shift, and go to state 6
    MINUSMINUS  shift, and go to state 7
    SIZEOF      shift, and go to state 8
    '!'         shift, and go to state 9
    '&'         shift, and go to state 10
    '*'         shift, and go to state 11
    '-'         shift, and go to state 12
    '+'         shift, and go to state 13
    '~'         shift, and go to state 14
    '('         shift, and go to state 4

    primary-expression     go to state 15
    postfix-expression     go to state 16
    cast-expression        go to state 17
    unary-expression       go to state 38
    mult-expression        go to state 19
    add-expression         go to state 20
    shift-expression       go to state 21
    relational-expression  go to state 112


State 74

   45 bitwise-or-expression: bitwise-or-expression '|' • bitwise-xor-expression

    IDENT       shift, and go to state 1
    STRING      shift, and go to state 2
    NUMBER      shift, and go to state 3
    PLUSPLUS    shift, and go to state 6
    MINUSMINUS  shift, and go to state 7
    SIZEOF      shift, and go to state 8
    '!'         shift, and go to state 9
    '&'         shift, and go to state 10
    '*'         shift, and go to state 11
    '-'         shift, and go to state 12
    '+'         shift, and go to state 13
    '~'         shift, and go to state 14
    '('         shift, and go to state 4

    primary-expression      go to state 15
    postfix-expression      go to state 16
    cast-expression         go to state 17
    unary-expression        go to state 38
    mult-expression         go to state 19
    add-expression          go to state 20
    shift-expression        go to state 21
    relational-expression   go to state 22
    equality-expression     go to state 23
    bitwise-xor-expression  go to state 113
    bitwise-and-expression  go to state 26


State 75

   47 bitwise-xor-expression: bitwise-xor-expression '^' • bitwise-and-expression

    IDENT       shift, and go to state 1
    STRING      shift, and go to state 2
    NUMBER      shift, and go to state 3
    PLUSPLUS    shift, and go to state 6
    MINUSMINUS  shift, and go to state 7
    SIZEOF      shift, and go to state 8
    '!'         shift, and go to state 9
    '&'         shift, and go to state 10
    '*'         shift, and go to state 11
    '-'         shift, and go to state 12
    '+'         shift, and go to state 13
    '~'         shift, and go to state 14
    '('         shift, and go to state 4

    primary-expression      go to state 15
    postfix-expression      go to state 16
    cast-expression         go to state 17
    unary-expression        go to state 38
    mult-expression         go to state 19
    add-expression          go to state 20
    shift-expression        go to state 21
    relational-expression   go to state 22
    equality-expression     go to state 23
    bitwise-and-expression  go to state 114


State 76

   49 bitwise-and-expression: bitwise-and-expression '&' • equality-expression

    IDENT       shift, and go to state 1
    STRING      shift, and go to state 2
    NUMBER      shift, and go to state 3
    PLUSPLUS    shift, and go to state 6
    MINUSMINUS  shift, and go to state 7
    SIZEOF      shift, and go to state 8
    '!'         shift, and go to state 9
    '&'         shift, and go to state 10
    '*'         shift, and go to state 11
    '-'         shift, and go to state 12
    '+'         shift, and go to state 13
    '~'         shift, and go to state 14
    '('         shift, and go to state 4

    primary-expression     go to state 15
    postfix-expression     go to state 16
    cast-expression        go to state 17
    unary-expression       go to state 38
    mult-expression        go to state 19
    add-expression         go to state 20
    shift-expression       go to state 21
    relational-expression  go to state 22
    equality-expression    go to state 115


State 77

   51 logical-or-expression: logical-or-expression LOGOR • logical-and-expression

    IDENT       shift, and go to state 1
    STRING      shift, and go to state 2
    NUMBER      shift, and go to state 3
    PLUSPLUS    shift, and go to state 6
    MINUSMINUS  shift, and go to state 7
    SIZEOF      shift, and go to state 8
    '!'         shift, and go to state 9
    '&'         shift, and go to state 10
    '*'         shift, and go to state 11
    '-'         shift, and go to state 12
    '+'         shift, and go to state 13
    '~'         shift, and go to state 14
    '('         shift, and go to state 4

    primary-expression      go to state 15
    postfix-expression      go to state 16
    cast-expression         go to state 17
    unary-expression        go to state 38
    mult-expression         go to state 19
    add-expression          go to state 20
    shift-expression        go to state 21
    relational-expression   go to state 22
    equality-expression     go to state 23
    bitwise-or-expression   go to state 24
    bitwise-xor-expression  go to state 25
    bitwise-and-expression  go to state 26
    logical-and-expression  go to state 116


State 78

   55 conditional-expression: logical-or-expression '?' • expression ':' conditional-expression

    IDENT       shift, and go to state 1
    STRING      shift, and go to state 2
    NUMBER      shift, and go to state 3
    PLUSPLUS    shift, and go to state 6
    MINUSMINUS  shift, and go to state 7
    SIZEOF      shift, and go to state 8
    '!'         shift, and go to state 9
    '&'         shift, and go to state 10
    '*'         shift, and go to state 11
    '-'         shift, and go to state 12
    '+'         shift, and go to state 13
    '~'         shift, and go to state 14
    '('         shift, and go to state 4

    primary-expression      go to state 15
    postfix-expression      go to state 16
    cast-expression         go to state 17
    unary-expression        go to state 18
    mult-expression         go to state 19
    add-expression          go to state 20
    shift-expression        go to state 21
    relational-expression   go to state 22
    equality-expression     go to state 23
    bitwise-or-expression   go to state 24
    bitwise-xor-expression  go to state 25
    bitwise-and-expression  go to state 26
    logical-or-expression   go to state 27
    logical-and-expression  go to state 28
    conditional-expression  go to state 29
    assignment-expression   go to state 30
    comma-expression        go to state 31
    expression              go to state 117


State 79

   53 logical-and-expression: logical-and-expression LOGAND • bitwise-or-expression

    IDENT       shift, and go to state 1
    STRING      shift, and go to state 2
    NUMBER      shift, and go to state 3
    PLUSPLUS    shift, and go to state 6
    MINUSMINUS  shift, and go to state 7
    SIZEOF      shift, and go to state 8
    '!'         shift, and go to state 9
    '&'         shift, and go to state 10
    '*'         shift, and go to state 11
    '-'         shift, and go to state 12
    '+'         shift, and go to state 13
    '~'         shift, and go to state 14
    '('         shift, and go to state 4

    primary-expression      go to state 15
    postfix-expression      go to state 16
    cast-expression         go to state 17
    unary-expression        go to state 38
    mult-expression         go to state 19
    add-expression          go to state 20
    shift-expression        go to state 21
    relational-expression   go to state 22
    equality-expression     go to state 23
    bitwise-or-expression   go to state 118
    bitwise-xor-expression  go to state 25
    bitwise-and-expression  go to state 26


State 80

   69 comma-expression: comma-expression ',' • assignment-expression

    IDENT       shift, and go to state 1
    STRING      shift, and go to state 2
    NUMBER      shift, and go to state 3
    PLUSPLUS    shift, and go to state 6
    MINUSMINUS  shift, and go to state 7
    SIZEOF      shift, and go to state 8
    '!'         shift, and go to state 9
    '&'         shift, and go to state 10
    '*'         shift, and go to state 11
    '-'         shift, and go to state 12
    '+'         shift, and go to state 13
    '~'         shift, and go to state 14
    '('         shift, and go to state 4

    primary-expression      go to state 15
    postfix-expression      go to state 16
    cast-expression         go to state 17
    unary-expression        go to state 18
    mult-expression         go to state 19
    add-expression          go to state 20
    shift-expression        go to state 21
    relational-expression   go to state 22
    equality-expression     go to state 23
    bitwise-or-expression   go to state 24
    bitwise-xor-expression  go to state 25
    bitwise-and-expression  go to state 26
    logical-or-expression   go to state 27
    logical-and-expression  go to state 28
    conditional-expression  go to state 29
    assignment-expression   go to state 119


State 81

    4 primary-expression: '(' expression ')' •

    $default  reduce using rule 4 (primary-expression)


State 82

   25 unary-expression: SIZEOF '(' expression • ')'

    ')'  shift, and go to state 120


State 83

    8 postfix-expression: postfix-expression INDSEL IDENT •

    $default  reduce using rule 8 (postfix-expression)


State 84

    7 postfix-expression: postfix-expression '.' IDENT •

    $default  reduce using rule 7 (postfix-expression)


State 85

   10 postfix-expression: postfix-expression '(' ')' •

    $default  reduce using rule 10 (postfix-expression)


State 86

    9 postfix-expression: postfix-expression '(' expression-list • ')'
   14 expression-list: expression-list • ',' assignment-expression

    ')'  shift, and go to state 121
    ','  shift, and go to state 122


State 87

   13 expression-list: assignment-expression •

    $default  reduce using rule 13 (expression-list)


State 88

    6 postfix-expression: postfix-expression '[' expression • ']'

    ']'  shift, and go to state 123


State 89

   60 assignment-expression: unary-expression TIMESEQ assignment-expression •

    $default  reduce using rule 60 (assignment-expression)


State 90

   61 assignment-expression: unary-expression DIVEQ assignment-expression •

    $default  reduce using rule 61 (assignment-expression)


State 91

   62 assignment-expression: unary-expression MODEQ assignment-expression •

    $default  reduce using rule 62 (assignment-expression)


State 92

   58 assignment-expression: unary-expression PLUSEQ assignment-expression •

    $default  reduce using rule 58 (assignment-expression)


State 93

   59 assignment-expression: unary-expression MINUSEQ assignment-expression •

    $default  reduce using rule 59 (assignment-expression)


State 94

   63 assignment-expression: unary-expression SHLEQ assignment-expression •

    $default  reduce using rule 63 (assignment-expression)


State 95

   64 assignment-expression: unary-expression SHREQ assignment-expression •

    $default  reduce using rule 64 (assignment-expression)


State 96

   65 assignment-expression: unary-expression ANDEQ assignment-expression •

    $default  reduce using rule 65 (assignment-expression)


State 97

   67 assignment-expression: unary-expression OREQ assignment-expression •

    $default  reduce using rule 67 (assignment-expression)


State 98

   66 assignment-expression: unary-expression XOREQ assignment-expression •

    $default  reduce using rule 66 (assignment-expression)


State 99

   57 assignment-expression: unary-expression '=' assignment-expression •

    $default  reduce using rule 57 (assignment-expression)


State 100

   27 mult-expression: mult-expression '*' cast-expression •

    $default  reduce using rule 27 (mult-expression)


State 101

   28 mult-expression: mult-expression '/' cast-expression •

    $default  reduce using rule 28 (mult-expression)


State 102

   29 mult-expression: mult-expression '%' cast-expression •

    $default  reduce using rule 29 (mult-expression)


State 103

   34 shift-expression: shift-expression • SHL add-expression
   35                 | add-expression SHR shift-expression •

    $default  reduce using rule 35 (shift-expression)


State 104

   27 mult-expression: mult-expression • '*' cast-expression
   28                | mult-expression • '/' cast-expression
   29                | mult-expression • '%' cast-expression
   32 add-expression: add-expression '-' mult-expression •

    '*'  shift, and go to state 61
    '/'  shift, and go to state 62
    '%'  shift, and go to state 63

    $default  reduce using rule 32 (add-expression)


State 105

   27 mult-expression: mult-expression • '*' cast-expression
   28                | mult-expression • '/' cast-expression
   29                | mult-expression • '%' cast-expression
   31 add-expression: add-expression '+' mult-expression •

    '*'  shift, and go to state 61
    '/'  shift, and go to state 62
    '%'  shift, and go to state 63

    $default  reduce using rule 31 (add-expression)


State 106

   31 add-expression: add-expression • '+' mult-expression
   32               | add-expression • '-' mult-expression
   34 shift-expression: shift-expression SHL add-expression •

    '-'  shift, and go to state 65
    '+'  shift, and go to state 66

    $default  reduce using rule 34 (shift-expression)


State 107

   34 shift-expression: shift-expression • SHL add-expression
   38 relational-expression: relational-expression SHLEQ shift-expression •

    SHL  shift, and go to state 67

    $default  reduce using rule 38 (relational-expression)


State 108

   34 shift-expression: shift-expression • SHL add-expression
   40 relational-expression: relational-expression SHREQ shift-expression •

    SHL  shift, and go to state 67

    $default  reduce using rule 40 (relational-expression)


State 109

   34 shift-expression: shift-expression • SHL add-expression
   37 relational-expression: relational-expression '<' shift-expression •

    SHL  shift, and go to state 67

    $default  reduce using rule 37 (relational-expression)


State 110

   34 shift-expression: shift-expression • SHL add-expression
   39 relational-expression: relational-expression '>' shift-expression •

    SHL  shift, and go to state 67

    $default  reduce using rule 39 (relational-expression)


State 111

   37 relational-expression: relational-expression • '<' shift-expression
   38                      | relational-expression • SHLEQ shift-expression
   39                      | relational-expression • '>' shift-expression
   40                      | relational-expression • SHREQ shift-expression
   42 equality-expression: equality-expression EQEQ relational-expression •

    SHLEQ  shift, and go to state 68
    SHREQ  shift, and go to state 69
    '<'    shift, and go to state 70
    '>'    shift, and go to state 71

    $default  reduce using rule 42 (equality-expression)


State 112

   37 relational-expression: relational-expression • '<' shift-expression
   38                      | relational-expression • SHLEQ shift-expression
   39                      | relational-expression • '>' shift-expression
   40                      | relational-expression • SHREQ shift-expression
   43 equality-expression: equality-expression NOTEQ relational-expression •

    SHLEQ  shift, and go to state 68
    SHREQ  shift, and go to state 69
    '<'    shift, and go to state 70
    '>'    shift, and go to state 71

    $default  reduce using rule 43 (equality-expression)


State 113

   45 bitwise-or-expression: bitwise-or-expression '|' bitwise-xor-expression •
   47 bitwise-xor-expression: bitwise-xor-expression • '^' bitwise-and-expression

    '^'  shift, and go to state 75

    $default  reduce using rule 45 (bitwise-or-expression)


State 114

   47 bitwise-xor-expression: bitwise-xor-expression '^' bitwise-and-expression •
   49 bitwise-and-expression: bitwise-and-expression • '&' equality-expression

    '&'  shift, and go to state 76

    $default  reduce using rule 47 (bitwise-xor-expression)


State 115

   42 equality-expression: equality-expression • EQEQ relational-expression
   43                    | equality-expression • NOTEQ relational-expression
   49 bitwise-and-expression: bitwise-and-expression '&' equality-expression •

    EQEQ   shift, and go to state 72
    NOTEQ  shift, and go to state 73

    $default  reduce using rule 49 (bitwise-and-expression)


State 116

   51 logical-or-expression: logical-or-expression LOGOR logical-and-expression •
   53 logical-and-expression: logical-and-expression • LOGAND bitwise-or-expression

    LOGAND  shift, and go to state 79

    $default  reduce using rule 51 (logical-or-expression)


State 117

   55 conditional-expression: logical-or-expression '?' expression • ':' conditional-expression

    ':'  shift, and go to state 124


State 118

   45 bitwise-or-expression: bitwise-or-expression • '|' bitwise-xor-expression
   53 logical-and-expression: logical-and-expression LOGAND bitwise-or-expression •

    '|'  shift, and go to state 74

    $default  reduce using rule 53 (logical-and-expression)


State 119

   69 comma-expression: comma-expression ',' assignment-expression •

    $default  reduce using rule 69 (comma-expression)


State 120

   25 unary-expression: SIZEOF '(' expression ')' •

    $default  reduce using rule 25 (unary-expression)


State 121

    9 postfix-expression: postfix-expression '(' expression-list ')' •

    $default  reduce using rule 9 (postfix-expression)


State 122

   14 expression-list: expression-list ',' • assignment-expression

    IDENT       shift, and go to state 1
    STRING      shift, and go to state 2
    NUMBER      shift, and go to state 3
    PLUSPLUS    shift, and go to state 6
    MINUSMINUS  shift, and go to state 7
    SIZEOF      shift, and go to state 8
    '!'         shift, and go to state 9
    '&'         shift, and go to state 10
    '*'         shift, and go to state 11
    '-'         shift, and go to state 12
    '+'         shift, and go to state 13
    '~'         shift, and go to state 14
    '('         shift, and go to state 4

    primary-expression      go to state 15
    postfix-expression      go to state 16
    cast-expression         go to state 17
    unary-expression        go to state 18
    mult-expression         go to state 19
    add-expression          go to state 20
    shift-expression        go to state 21
    relational-expression   go to state 22
    equality-expression     go to state 23
    bitwise-or-expression   go to state 24
    bitwise-xor-expression  go to state 25
    bitwise-and-expression  go to state 26
    logical-or-expression   go to state 27
    logical-and-expression  go to state 28
    conditional-expression  go to state 29
    assignment-expression   go to state 125


State 123

    6 postfix-expression: postfix-expression '[' expression ']' •

    $default  reduce using rule 6 (postfix-expression)


State 124

   55 conditional-expression: logical-or-expression '?' expression ':' • conditional-expression

    IDENT       shift, and go to state 1
    STRING      shift, and go to state 2
    NUMBER      shift, and go to state 3
    PLUSPLUS    shift, and go to state 6
    MINUSMINUS  shift, and go to state 7
    SIZEOF      shift, and go to state 8
    '!'         shift, and go to state 9
    '&'         shift, and go to state 10
    '*'         shift, and go to state 11
    '-'         shift, and go to state 12
    '+'         shift, and go to state 13
    '~'         shift, and go to state 14
    '('         shift, and go to state 4

    primary-expression      go to state 15
    postfix-expression      go to state 16
    cast-expression         go to state 17
    unary-expression        go to state 38
    mult-expression         go to state 19
    add-expression          go to state 20
    shift-expression        go to state 21
    relational-expression   go to state 22
    equality-expression     go to state 23
    bitwise-or-expression   go to state 24
    bitwise-xor-expression  go to state 25
    bitwise-and-expression  go to state 26
    logical-or-expression   go to state 27
    logical-and-expression  go to state 28
    conditional-expression  go to state 126


State 125

   14 expression-list: expression-list ',' assignment-expression •

    $default  reduce using rule 14 (expression-list)


State 126

   55 conditional-expression: logical-or-expression '?' expression ':' conditional-expression •

    $default  reduce using rule 55 (conditional-expression)
